<?xml version="1.0" encoding="UTF-8"?>
<robot generator="Robot 6.1.1 (Python 3.11.0 on win32)" generated="20240117 17:31:44.929" rpa="false" schemaversion="4">
<suite id="s1" name="AddShoppingToCart" source="D:\Doc Test\Antikode\AntikodeRobotFramework\TestCases\AddShoppingToCart.robot">
<test id="s1-t1" name="Registration_And_Login" line="12">
<kw name="Open Browser To Compass Website">
<kw name="Open Browser" library="SeleniumLibrary">
<arg>${URL}</arg>
<arg>${BROWSER}</arg>
<doc>Opens a new browser instance to the optional ``url``.</doc>
<msg timestamp="20240117 17:31:45.257" level="INFO">Opening browser 'Chrome' to base url 'https://sepatucompass.com/login'.</msg>
<status status="PASS" starttime="20240117 17:31:45.256" endtime="20240117 17:31:51.663"/>
</kw>
<kw name="Maximize Browser Window" library="SeleniumLibrary">
<doc>Maximizes current browser window.</doc>
<status status="PASS" starttime="20240117 17:31:51.663" endtime="20240117 17:31:51.795"/>
</kw>
<status status="PASS" starttime="20240117 17:31:45.255" endtime="20240117 17:31:51.795"/>
</kw>
<kw name="Login User to Shopping">
<kw name="Wait Until Page Contains Element" library="SeleniumLibrary">
<arg>id:email</arg>
<arg>15 seconds</arg>
<doc>Waits until the element ``locator`` appears on the current page.</doc>
<status status="PASS" starttime="20240117 17:31:51.795" endtime="20240117 17:32:02.226"/>
</kw>
<kw name="Input Text" library="SeleniumLibrary">
<arg>id:email</arg>
<arg>${email}</arg>
<doc>Types the given ``text`` into the text field identified by ``locator``.</doc>
<msg timestamp="20240117 17:32:02.227" level="INFO">Typing text 'saputra5396@gmail.com' into text field 'id:email'.</msg>
<status status="PASS" starttime="20240117 17:32:02.227" endtime="20240117 17:32:02.592"/>
</kw>
<kw name="Input Text" library="SeleniumLibrary">
<arg>id:password</arg>
<arg>${password}</arg>
<doc>Types the given ``text`` into the text field identified by ``locator``.</doc>
<msg timestamp="20240117 17:32:02.594" level="INFO">Typing text 'Ilham1177' into text field 'id:password'.</msg>
<status status="PASS" starttime="20240117 17:32:02.592" endtime="20240117 17:32:02.765"/>
</kw>
<kw name="Click Button" library="SeleniumLibrary">
<arg>xpath://body/div[@id='__next']/main[1]/div[1]/div[2]/div[1]/div[1]/div[1]/div[2]/form[1]/div[1]/div[4]/button[1]</arg>
<doc>Clicks the button identified by ``locator``.</doc>
<msg timestamp="20240117 17:32:02.766" level="INFO">Clicking button 'xpath://body/div[@id='__next']/main[1]/div[1]/div[2]/div[1]/div[1]/div[1]/div[2]/form[1]/div[1]/div[4]/button[1]'.</msg>
<status status="PASS" starttime="20240117 17:32:02.765" endtime="20240117 17:32:02.885"/>
</kw>
<kw name="Wait Until Page Contains Element" library="SeleniumLibrary">
<arg>xpath://a[contains(text(),'Shop')]</arg>
<arg>15 seconds</arg>
<doc>Waits until the element ``locator`` appears on the current page.</doc>
<status status="PASS" starttime="20240117 17:32:02.885" endtime="20240117 17:32:02.901"/>
</kw>
<kw name="Click Element" library="SeleniumLibrary">
<arg>xpath://a[contains(text(),'Shop')]</arg>
<doc>Click the element identified by ``locator``.</doc>
<msg timestamp="20240117 17:32:02.902" level="INFO">Clicking element 'xpath://a[contains(text(),'Shop')]'.</msg>
<status status="PASS" starttime="20240117 17:32:02.901" endtime="20240117 17:32:02.997"/>
</kw>
<kw name="Wait Until Page Contains Element" library="SeleniumLibrary">
<arg>xpath://h4[contains(text(),'Retrograde Slip On Kawung Cream')]</arg>
<arg>15 seconds</arg>
<doc>Waits until the element ``locator`` appears on the current page.</doc>
<status status="PASS" starttime="20240117 17:32:02.998" endtime="20240117 17:32:08.261"/>
</kw>
<kw name="Click Element" library="SeleniumLibrary">
<arg>xpath://h4[contains(text(),'Retrograde Slip On Kawung Cream')]</arg>
<doc>Click the element identified by ``locator``.</doc>
<msg timestamp="20240117 17:32:08.262" level="INFO">Clicking element 'xpath://h4[contains(text(),'Retrograde Slip On Kawung Cream')]'.</msg>
<status status="PASS" starttime="20240117 17:32:08.261" endtime="20240117 17:32:08.429"/>
</kw>
<kw name="Wait Until Page Contains Element" library="SeleniumLibrary">
<arg>xpath:/html[1]/body[1]/div[1]/main[1]/section[1]/div[1]/div[1]/div[3]/div[1]/div[1]/div[2]/div[9]/button[1]/span[1]</arg>
<arg>15 seconds</arg>
<doc>Waits until the element ``locator`` appears on the current page.</doc>
<status status="PASS" starttime="20240117 17:32:08.429" endtime="20240117 17:32:09.959"/>
</kw>
<kw name="Click Element" library="SeleniumLibrary">
<arg>xpath:/html[1]/body[1]/div[1]/main[1]/section[1]/div[1]/div[1]/div[3]/div[1]/div[1]/div[2]/div[9]/button[1]/span[1]</arg>
<doc>Click the element identified by ``locator``.</doc>
<msg timestamp="20240117 17:32:09.962" level="INFO">Clicking element 'xpath:/html[1]/body[1]/div[1]/main[1]/section[1]/div[1]/div[1]/div[3]/div[1]/div[1]/div[2]/div[9]/button[1]/span[1]'.</msg>
<status status="PASS" starttime="20240117 17:32:09.960" endtime="20240117 17:32:10.157"/>
</kw>
<kw name="Click Element" library="SeleniumLibrary">
<arg>xpath:/html[1]/body[1]/div[1]/main[1]/section[1]/div[1]/div[1]/div[3]/div[1]/div[1]/button[1]</arg>
<doc>Click the element identified by ``locator``.</doc>
<msg timestamp="20240117 17:32:10.158" level="INFO">Clicking element 'xpath:/html[1]/body[1]/div[1]/main[1]/section[1]/div[1]/div[1]/div[3]/div[1]/div[1]/button[1]'.</msg>
<status status="PASS" starttime="20240117 17:32:10.157" endtime="20240117 17:32:10.328"/>
</kw>
<status status="PASS" starttime="20240117 17:31:51.795" endtime="20240117 17:32:10.328"/>
</kw>
<status status="PASS" starttime="20240117 17:31:45.254" endtime="20240117 17:32:10.329"/>
</test>
<status status="PASS" starttime="20240117 17:31:44.932" endtime="20240117 17:32:10.337"/>
</suite>
<statistics>
<total>
<stat pass="1" fail="0" skip="0">All Tests</stat>
</total>
<tag>
</tag>
<suite>
<stat pass="1" fail="0" skip="0" id="s1" name="AddShoppingToCart">AddShoppingToCart</stat>
</suite>
</statistics>
<errors>
</errors>
</robot>
